<?xml version="1.0" encoding="UTF-8"?>
<testsuite name="org.lenskit.mooc.cbf.ThresholdUserProfileBuilderTest" tests="4" skipped="0" failures="0" errors="0" timestamp="2019-05-10T15:40:26" hostname="PC" time="0.063">
  <properties/>
  <testcase name="testEmptyModel" classname="org.lenskit.mooc.cbf.ThresholdUserProfileBuilderTest" time="0.016"/>
  <testcase name="testTwoItemVector" classname="org.lenskit.mooc.cbf.ThresholdUserProfileBuilderTest" time="0.031"/>
  <testcase name="testSingleItemVector" classname="org.lenskit.mooc.cbf.ThresholdUserProfileBuilderTest" time="0.0"/>
  <testcase name="testOneItemVectorBecauseThreshold" classname="org.lenskit.mooc.cbf.ThresholdUserProfileBuilderTest" time="0.016"/>
  <system-out><![CDATA[18:40:26.655 [Test worker] INFO  o.l.data.dao.file.StaticDataSource - deriving entity type EntityType[item] from EntityType[item-tag] (column TypedName[item: long])
18:40:26.655 [Test worker] INFO  o.l.data.dao.file.StaticDataSource - deriving entity type EntityType[user] from EntityType[item-tag] (column TypedName[user: long])
18:40:26.655 [Test worker] INFO  o.l.data.dao.file.StaticDataSource - deriving entity type EntityType[item] from EntityType[item-tag] (column TypedName[item: long])
18:40:26.655 [Test worker] DEBUG o.l.d.e.EntityCollectionBuilder - built collection of 3 entities with type EntityType[item] and 2 indexes
18:40:26.655 [Test worker] DEBUG o.l.d.e.EntityCollectionBuilder - built collection of 4 entities with type EntityType[item-tag] and 2 indexes
18:40:26.655 [Test worker] DEBUG o.l.d.e.EntityCollectionBuilder - built collection of 0 entities with type EntityType[user] and 2 indexes
18:40:26.655 [Test worker] INFO  o.l.mooc.cbf.TFIDFModelProvider - Building TF-IDF model
18:40:26.655 [Test worker] INFO  o.l.mooc.cbf.TFIDFModelProvider - Computed TF vectors for 3 items
18:40:26.670 [Test worker] INFO  o.l.data.dao.file.StaticDataSource - deriving entity type EntityType[item] from EntityType[item-tag] (column TypedName[item: long])
18:40:26.670 [Test worker] INFO  o.l.data.dao.file.StaticDataSource - deriving entity type EntityType[user] from EntityType[item-tag] (column TypedName[user: long])
18:40:26.670 [Test worker] INFO  o.l.data.dao.file.StaticDataSource - deriving entity type EntityType[item] from EntityType[item-tag] (column TypedName[item: long])
18:40:26.670 [Test worker] DEBUG o.l.d.e.EntityCollectionBuilder - built collection of 3 entities with type EntityType[item] and 2 indexes
18:40:26.670 [Test worker] DEBUG o.l.d.e.EntityCollectionBuilder - built collection of 4 entities with type EntityType[item-tag] and 2 indexes
18:40:26.670 [Test worker] DEBUG o.l.d.e.EntityCollectionBuilder - built collection of 0 entities with type EntityType[user] and 2 indexes
18:40:26.670 [Test worker] INFO  o.l.mooc.cbf.TFIDFModelProvider - Building TF-IDF model
18:40:26.670 [Test worker] INFO  o.l.mooc.cbf.TFIDFModelProvider - Computed TF vectors for 3 items
18:40:26.686 [Test worker] INFO  o.l.data.dao.file.StaticDataSource - deriving entity type EntityType[item] from EntityType[item-tag] (column TypedName[item: long])
18:40:26.686 [Test worker] INFO  o.l.data.dao.file.StaticDataSource - deriving entity type EntityType[user] from EntityType[item-tag] (column TypedName[user: long])
18:40:26.686 [Test worker] INFO  o.l.data.dao.file.StaticDataSource - deriving entity type EntityType[item] from EntityType[item-tag] (column TypedName[item: long])
18:40:26.686 [Test worker] DEBUG o.l.d.e.EntityCollectionBuilder - built collection of 3 entities with type EntityType[item] and 2 indexes
18:40:26.686 [Test worker] DEBUG o.l.d.e.EntityCollectionBuilder - built collection of 4 entities with type EntityType[item-tag] and 2 indexes
18:40:26.686 [Test worker] DEBUG o.l.d.e.EntityCollectionBuilder - built collection of 0 entities with type EntityType[user] and 2 indexes
18:40:26.686 [Test worker] INFO  o.l.mooc.cbf.TFIDFModelProvider - Building TF-IDF model
18:40:26.686 [Test worker] INFO  o.l.mooc.cbf.TFIDFModelProvider - Computed TF vectors for 3 items
18:40:26.686 [Test worker] INFO  o.l.data.dao.file.StaticDataSource - deriving entity type EntityType[item] from EntityType[item-tag] (column TypedName[item: long])
18:40:26.702 [Test worker] INFO  o.l.data.dao.file.StaticDataSource - deriving entity type EntityType[user] from EntityType[item-tag] (column TypedName[user: long])
18:40:26.702 [Test worker] INFO  o.l.data.dao.file.StaticDataSource - deriving entity type EntityType[item] from EntityType[item-tag] (column TypedName[item: long])
18:40:26.702 [Test worker] DEBUG o.l.d.e.EntityCollectionBuilder - built collection of 3 entities with type EntityType[item] and 2 indexes
18:40:26.702 [Test worker] DEBUG o.l.d.e.EntityCollectionBuilder - built collection of 4 entities with type EntityType[item-tag] and 2 indexes
18:40:26.702 [Test worker] DEBUG o.l.d.e.EntityCollectionBuilder - built collection of 0 entities with type EntityType[user] and 2 indexes
18:40:26.702 [Test worker] INFO  o.l.mooc.cbf.TFIDFModelProvider - Building TF-IDF model
18:40:26.702 [Test worker] INFO  o.l.mooc.cbf.TFIDFModelProvider - Computed TF vectors for 3 items
]]></system-out>
  <system-err><![CDATA[]]></system-err>
</testsuite>
